Copyright 1986-2018 Xilinx, Inc. All Rights Reserved.
------------------------------------------------------------------------------------
| Tool Version : Vivado v.2018.3 (lin64) Build 2405991 Thu Dec  6 23:36:41 MST 2018
| Date         : Wed Feb 20 17:21:08 2019
| Host         : offersen-S550CB running 64-bit Ubuntu 18.04.2 LTS
| Command      : report_control_sets -verbose -file top_control_sets_placed.rpt
| Design       : top
| Device       : xc7z010
------------------------------------------------------------------------------------

Control Set Information

Table of Contents
-----------------
1. Summary
2. Histogram
3. Flip-Flop Distribution
4. Detailed Control Set Information

1. Summary
----------

+----------------------------------------------------------+-------+
|                          Status                          | Count |
+----------------------------------------------------------+-------+
| Number of unique control sets                            |     7 |
| Unused register locations in slices containing registers |    24 |
+----------------------------------------------------------+-------+


2. Histogram
------------

+--------+--------------+
| Fanout | Control Sets |
+--------+--------------+
|      1 |            1 |
|      4 |            3 |
|      6 |            1 |
|      8 |            1 |
|     13 |            1 |
+--------+--------------+


3. Flip-Flop Distribution
-------------------------

+--------------+-----------------------+------------------------+-----------------+--------------+
| Clock Enable | Synchronous Set/Reset | Asynchronous Set/Reset | Total Registers | Total Slices |
+--------------+-----------------------+------------------------+-----------------+--------------+
| No           | No                    | No                     |              22 |            7 |
| No           | No                    | Yes                    |               0 |            0 |
| No           | Yes                   | No                     |               0 |            0 |
| Yes          | No                    | No                     |              10 |            7 |
| Yes          | No                    | Yes                    |               0 |            0 |
| Yes          | Yes                   | No                     |               8 |            2 |
+--------------+-----------------------+------------------------+-----------------+--------------+


4. Detailed Control Set Information
-----------------------------------

+--------------------+--------------------+----------------------------+------------------+----------------+
|    Clock Signal    |    Enable Signal   |      Set/Reset Signal      | Slice Load Count | Bel Load Count |
+--------------------+--------------------+----------------------------+------------------+----------------+
|  row_clock         |                    |                            |                1 |              1 |
|  row_clock         | led_matrix0/p_0_in | led_matrix0/row[3]_i_1_n_0 |                1 |              4 |
|  row_clock         | led_matrix0/p_0_in | led_matrix0/row[7]_i_1_n_0 |                1 |              4 |
|  row_clock         | led_matrix0/state  |                            |                1 |              4 |
|  row_clock         | led_matrix0/p_0_in |                            |                6 |              6 |
|  clk               |                    |                            |                2 |              8 |
|  clk_8ns_IBUF_BUFG |                    |                            |                4 |             13 |
+--------------------+--------------------+----------------------------+------------------+----------------+


